[debug] ----------------------------------------------------------------------
[debug] Command:      C:\Program Files\nodejs\node.exe C:\Users\Eran Hadad\AppData\Roaming\npm\node_modules\firebase-tools\bin\firebase deploy
[debug] CLI Version:  3.5.0
[debug] Platform:     win32
[debug] Node Version: v6.10.0
[debug] Time:         Tue Jun 06 2017 18:09:06 GMT+0300 (שעון קיץ ירושלים)
[debug] ----------------------------------------------------------------------
[debug] 
[debug] > command requires scopes: ["email","openid","https://www.googleapis.com/auth/cloudplatformprojects.readonly","https://www.googleapis.com/auth/firebase"]
[debug] > refreshing access token with scopes: ["email","https://www.googleapis.com/auth/cloudplatformprojects.readonly","https://www.googleapis.com/auth/firebase","openid"]
[debug] >>> HTTP REQUEST POST https://www.googleapis.com/oauth2/v3/token { refresh_token: '1/C3-8P_nXsbUxnzlpIz50tWT6P5VWPA8oOu6rkzDxShRvoPxBbu3lcjF-gBaEsYui',
  client_id: '563584335869-fgrhgmd47bqnekij5i8b5pr03ho849e6.apps.googleusercontent.com',
  client_secret: 'j9iVZfS8kkCEFUPaAeJV0sAi',
  grant_type: 'refresh_token',
  scope: 'email https://www.googleapis.com/auth/cloudplatformprojects.readonly https://www.googleapis.com/auth/firebase openid' } 
 Tue Jun 06 2017 18:09:06 GMT+0300 (שעון קיץ ירושלים)
[debug] <<< HTTP RESPONSE 200
[debug] >>> HTTP REQUEST GET https://admin.firebase.com/v1/projects/antidrugsjerusalem  
 Tue Jun 06 2017 18:09:06 GMT+0300 (שעון קיץ ירושלים)
[debug] <<< HTTP RESPONSE 200
[debug] >>> HTTP REQUEST GET https://admin.firebase.com/v1/database/antidrugsjerusalem/tokens  
 Tue Jun 06 2017 18:09:09 GMT+0300 (שעון קיץ ירושלים)
[debug] <<< HTTP RESPONSE 200
[info] 
[info] === Deploying to 'antidrugsjerusalem'...
[info] 
[info] i  deploying hosting
[info] i  hosting: preparing dist directory for upload...
[debug] >>> HTTP REQUEST PUT https://deploy.firebase.com/v1/hosting/antidrugsjerusalem/uploads/-Klxwx_IOfXLrQtvWgDe?fileCount=7&message=  
 Tue Jun 06 2017 18:09:13 GMT+0300 (שעון קיץ ירושלים)
